2022-01-14 17:04:18,949 [restartedMain] WARN  o.springframework.boot.StartupInfoLogger           - InetAddress.getLocalHost().getHostName() took 5006 milliseconds to respond. Please verify your network configuration (macOS machines may need to add entries to /etc/hosts).
2022-01-14 17:04:23,968 [restartedMain] INFO  c.s.SpringBootSecondMiniProjectApplication         - Starting SpringBootSecondMiniProjectApplication using Java 1.8.0_271 on Sreshs-MacBook-Air.local with PID 26300 (/Users/sresh/eclipse-workspace/SpringBoot-Second-MiniProject/target/classes started by sresh in /Users/sresh/eclipse-workspace/SpringBoot-Second-MiniProject)
2022-01-14 17:04:23,970 [restartedMain] INFO  c.s.SpringBootSecondMiniProjectApplication         - No active profile set, falling back to default profiles: default
2022-01-14 17:04:24,070 [restartedMain] INFO  o.s.b.d.e.DevToolsPropertyDefaultsPostProcessor    - Devtools property defaults active! Set 'spring.devtools.add-properties' to 'false' to disable
2022-01-14 17:04:24,071 [restartedMain] INFO  o.s.b.d.e.DevToolsPropertyDefaultsPostProcessor    - For additional web related logging consider setting the 'logging.level.web' property to 'DEBUG'
2022-01-14 17:04:25,749 [restartedMain] INFO  o.s.d.r.c.RepositoryConfigurationDelegate          - Bootstrapping Spring Data JPA repositories in DEFAULT mode.
2022-01-14 17:04:25,909 [restartedMain] INFO  o.s.d.r.c.RepositoryConfigurationDelegate          - Finished Spring Data repository scanning in 134 ms. Found 4 JPA repository interfaces.
2022-01-14 17:04:27,165 [restartedMain] INFO  o.s.b.w.embedded.tomcat.TomcatWebServer            - Tomcat initialized with port(s): 9090 (http)
2022-01-14 17:04:27,191 [restartedMain] INFO  o.apache.coyote.http11.Http11NioProtocol           - Initializing ProtocolHandler ["http-nio-9090"]
2022-01-14 17:04:27,192 [restartedMain] INFO  org.apache.catalina.core.StandardService           - Starting service [Tomcat]
2022-01-14 17:04:27,193 [restartedMain] INFO  org.apache.catalina.core.StandardEngine            - Starting Servlet engine: [Apache Tomcat/9.0.48]
2022-01-14 17:04:27,323 [restartedMain] INFO  o.a.c.c.C.[Tomcat].[localhost].[/]                 - Initializing Spring embedded WebApplicationContext
2022-01-14 17:04:27,323 [restartedMain] INFO  o.s.b.w.s.c.ServletWebServerApplicationContext     - Root WebApplicationContext: initialization completed in 3251 ms
2022-01-14 17:04:27,824 [restartedMain] INFO  o.hibernate.jpa.internal.util.LogHelper            - HHH000204: Processing PersistenceUnitInfo [name: default]
2022-01-14 17:04:28,021 [restartedMain] INFO  org.hibernate.Version                              - HHH000412: Hibernate ORM core version 5.4.32.Final
2022-01-14 17:04:28,541 [restartedMain] INFO  org.hibernate.annotations.common.Version           - HCANN000001: Hibernate Commons Annotations {5.1.2.Final}
2022-01-14 17:04:28,880 [restartedMain] INFO  com.zaxxer.hikari.HikariDataSource                 - HikariPool-1 - Starting...
2022-01-14 17:04:29,641 [restartedMain] INFO  com.zaxxer.hikari.HikariDataSource                 - HikariPool-1 - Start completed.
2022-01-14 17:04:29,806 [restartedMain] INFO  org.hibernate.dialect.Dialect                      - HHH000400: Using dialect: org.hibernate.dialect.MySQL8Dialect
2022-01-14 17:04:31,524 [restartedMain] INFO  o.h.e.t.j.p.i.JtaPlatformInitiator                 - HHH000490: Using JtaPlatform implementation: [org.hibernate.engine.transaction.jta.platform.internal.NoJtaPlatform]
2022-01-14 17:04:31,544 [restartedMain] INFO  o.s.o.j.LocalContainerEntityManagerFactoryBean     - Initialized JPA EntityManagerFactory for persistence unit 'default'
2022-01-14 17:04:33,233 [restartedMain] WARN  o.s.b.a.o.j.JpaBaseConfiguration$JpaWebConfiguration - spring.jpa.open-in-view is enabled by default. Therefore, database queries may be performed during view rendering. Explicitly configure spring.jpa.open-in-view to disable this warning
2022-01-14 17:04:33,533 [restartedMain] INFO  s.d.s.w.PropertySourcedRequestMappingHandlerMapping - Mapped URL path [/v2/api-docs] onto method [springfox.documentation.swagger2.web.Swagger2Controller#getDocumentation(String, HttpServletRequest)]
2022-01-14 17:04:33,766 [restartedMain] INFO  o.s.b.d.a.OptionalLiveReloadServer                 - LiveReload server is running on port 35729
2022-01-14 17:04:34,069 [restartedMain] INFO  o.apache.coyote.http11.Http11NioProtocol           - Starting ProtocolHandler ["http-nio-9090"]
2022-01-14 17:04:34,095 [restartedMain] INFO  o.s.b.w.embedded.tomcat.TomcatWebServer            - Tomcat started on port(s): 9090 (http) with context path ''
2022-01-14 17:04:34,096 [restartedMain] INFO  s.d.s.w.p.DocumentationPluginsBootstrapper         - Context refreshed
2022-01-14 17:04:34,167 [restartedMain] INFO  s.d.s.w.p.DocumentationPluginsBootstrapper         - Found 1 custom documentation plugin(s)
2022-01-14 17:04:34,213 [restartedMain] INFO  s.d.s.w.s.ApiListingReferenceScanner               - Scanning for api listing references
2022-01-14 17:04:34,449 [restartedMain] INFO  c.s.SpringBootSecondMiniProjectApplication         - Started SpringBootSecondMiniProjectApplication in 31.411 seconds (JVM running for 37.789)
2022-01-14 17:07:54,904 [http-nio-9090-exec-1] INFO  o.a.c.c.C.[Tomcat].[localhost].[/]                 - Initializing Spring DispatcherServlet 'dispatcherServlet'
2022-01-14 17:07:54,907 [http-nio-9090-exec-1] INFO  o.s.web.servlet.DispatcherServlet                  - Initializing Servlet 'dispatcherServlet'
2022-01-14 17:07:54,912 [http-nio-9090-exec-1] INFO  o.s.web.servlet.DispatcherServlet                  - Completed initialization in 4 ms
2022-01-14 17:20:24,234 [Thread-5] INFO  o.s.o.j.LocalContainerEntityManagerFactoryBean     - Closing JPA EntityManagerFactory for persistence unit 'default'
2022-01-14 17:20:24,250 [Thread-5] INFO  com.zaxxer.hikari.HikariDataSource                 - HikariPool-1 - Shutdown initiated...
2022-01-14 17:20:24,263 [Thread-5] INFO  com.zaxxer.hikari.HikariDataSource                 - HikariPool-1 - Shutdown completed.
2022-01-14 17:20:39,657 [restartedMain] WARN  o.springframework.boot.StartupInfoLogger           - InetAddress.getLocalHost().getHostName() took 5007 milliseconds to respond. Please verify your network configuration (macOS machines may need to add entries to /etc/hosts).
2022-01-14 17:20:44,660 [restartedMain] INFO  c.s.SpringBootSecondMiniProjectApplication         - Starting SpringBootSecondMiniProjectApplication using Java 1.8.0_271 on Sreshs-MacBook-Air.local with PID 26300 (/Users/sresh/eclipse-workspace/SpringBoot-Second-MiniProject/target/classes started by sresh in /Users/sresh/eclipse-workspace/SpringBoot-Second-MiniProject)
2022-01-14 17:20:44,660 [restartedMain] INFO  c.s.SpringBootSecondMiniProjectApplication         - No active profile set, falling back to default profiles: default
2022-01-14 17:20:44,980 [restartedMain] INFO  o.s.d.r.c.RepositoryConfigurationDelegate          - Bootstrapping Spring Data JPA repositories in DEFAULT mode.
2022-01-14 17:20:44,999 [restartedMain] INFO  o.s.d.r.c.RepositoryConfigurationDelegate          - Finished Spring Data repository scanning in 18 ms. Found 4 JPA repository interfaces.
2022-01-14 17:20:45,155 [restartedMain] INFO  o.s.b.w.embedded.tomcat.TomcatWebServer            - Tomcat initialized with port(s): 9090 (http)
2022-01-14 17:20:45,156 [restartedMain] INFO  o.apache.coyote.http11.Http11NioProtocol           - Initializing ProtocolHandler ["http-nio-9090"]
2022-01-14 17:20:45,156 [restartedMain] INFO  org.apache.catalina.core.StandardService           - Starting service [Tomcat]
2022-01-14 17:20:45,156 [restartedMain] INFO  org.apache.catalina.core.StandardEngine            - Starting Servlet engine: [Apache Tomcat/9.0.48]
2022-01-14 17:20:45,165 [restartedMain] INFO  o.a.c.c.C.[Tomcat].[localhost].[/]                 - Initializing Spring embedded WebApplicationContext
2022-01-14 17:20:45,165 [restartedMain] INFO  o.s.b.w.s.c.ServletWebServerApplicationContext     - Root WebApplicationContext: initialization completed in 497 ms
2022-01-14 17:20:45,221 [restartedMain] INFO  o.hibernate.jpa.internal.util.LogHelper            - HHH000204: Processing PersistenceUnitInfo [name: default]
2022-01-14 17:20:45,226 [restartedMain] INFO  com.zaxxer.hikari.HikariDataSource                 - HikariPool-2 - Starting...
2022-01-14 17:20:45,253 [restartedMain] INFO  com.zaxxer.hikari.HikariDataSource                 - HikariPool-2 - Start completed.
2022-01-14 17:20:45,254 [restartedMain] INFO  org.hibernate.dialect.Dialect                      - HHH000400: Using dialect: org.hibernate.dialect.MySQL8Dialect
2022-01-14 17:20:45,335 [restartedMain] INFO  o.h.e.t.j.p.i.JtaPlatformInitiator                 - HHH000490: Using JtaPlatform implementation: [org.hibernate.engine.transaction.jta.platform.internal.NoJtaPlatform]
2022-01-14 17:20:45,336 [restartedMain] INFO  o.s.o.j.LocalContainerEntityManagerFactoryBean     - Initialized JPA EntityManagerFactory for persistence unit 'default'
2022-01-14 17:20:45,640 [restartedMain] WARN  o.s.b.a.o.j.JpaBaseConfiguration$JpaWebConfiguration - spring.jpa.open-in-view is enabled by default. Therefore, database queries may be performed during view rendering. Explicitly configure spring.jpa.open-in-view to disable this warning
2022-01-14 17:20:45,702 [restartedMain] INFO  s.d.s.w.PropertySourcedRequestMappingHandlerMapping - Mapped URL path [/v2/api-docs] onto method [springfox.documentation.swagger2.web.Swagger2Controller#getDocumentation(String, HttpServletRequest)]
2022-01-14 17:20:45,770 [restartedMain] INFO  o.s.b.d.a.OptionalLiveReloadServer                 - LiveReload server is running on port 35729
2022-01-14 17:20:45,855 [restartedMain] INFO  o.apache.coyote.http11.Http11NioProtocol           - Starting ProtocolHandler ["http-nio-9090"]
2022-01-14 17:20:45,864 [restartedMain] INFO  o.s.b.w.embedded.tomcat.TomcatWebServer            - Tomcat started on port(s): 9090 (http) with context path ''
2022-01-14 17:20:45,871 [restartedMain] INFO  s.d.s.w.p.DocumentationPluginsBootstrapper         - Context refreshed
2022-01-14 17:20:45,872 [restartedMain] INFO  s.d.s.w.p.DocumentationPluginsBootstrapper         - Found 1 custom documentation plugin(s)
2022-01-14 17:20:45,878 [restartedMain] INFO  s.d.s.w.s.ApiListingReferenceScanner               - Scanning for api listing references
2022-01-14 17:20:45,910 [restartedMain] INFO  c.s.SpringBootSecondMiniProjectApplication         - Started SpringBootSecondMiniProjectApplication in 21.333 seconds (JVM running for 1009.194)
2022-01-14 17:20:45,913 [restartedMain] INFO  o.s.b.d.a.ConditionEvaluationDeltaLoggingListener  - Condition evaluation unchanged
2022-01-14 17:27:00,373 [RMI TCP Connection(2)-127.0.0.1] INFO  o.s.b.a.SpringApplicationAdminMXBeanRegistrar$SpringApplicationAdmin - Application shutdown requested.
2022-01-14 17:27:00,398 [RMI TCP Connection(2)-127.0.0.1] INFO  o.s.o.j.LocalContainerEntityManagerFactoryBean     - Closing JPA EntityManagerFactory for persistence unit 'default'
2022-01-14 17:27:00,399 [RMI TCP Connection(2)-127.0.0.1] INFO  com.zaxxer.hikari.HikariDataSource                 - HikariPool-2 - Shutdown initiated...
2022-01-14 17:27:00,417 [RMI TCP Connection(2)-127.0.0.1] INFO  com.zaxxer.hikari.HikariDataSource                 - HikariPool-2 - Shutdown completed.
